<?xml version="1.0" encoding="UTF-8"?>
<testsuite name="com.mindex.challenge.DataBootstrapTest" tests="3" skipped="0" failures="0" errors="0" timestamp="2021-02-07T18:32:30" hostname="MSI" time="0.052">
  <properties/>
  <testcase name="testCompensation" classname="com.mindex.challenge.DataBootstrapTest" time="0.043"/>
  <testcase name="testReportingStructure" classname="com.mindex.challenge.DataBootstrapTest" time="0.004"/>
  <testcase name="testEmployee" classname="com.mindex.challenge.DataBootstrapTest" time="0.004"/>
  <system-out><![CDATA[2021-02-07 13:32:30.695  INFO 18304 --- [    Test worker] .b.t.c.SpringBootTestContextBootstrapper : Neither @ContextConfiguration nor @ContextHierarchy found for test class [com.mindex.challenge.DataBootstrapTest], using SpringBootContextLoader
2021-02-07 13:32:30.697  INFO 18304 --- [    Test worker] o.s.t.c.support.AbstractContextLoader    : Could not detect default resource locations for test class [com.mindex.challenge.DataBootstrapTest]: no resource found for suffixes {-context.xml, Context.groovy}.
2021-02-07 13:32:30.697  INFO 18304 --- [    Test worker] t.c.s.AnnotationConfigContextLoaderUtils : Could not detect default configuration classes for test class [com.mindex.challenge.DataBootstrapTest]: DataBootstrapTest does not declare any static, non-private, non-final, nested classes annotated with @Configuration.
2021-02-07 13:32:30.699  INFO 18304 --- [    Test worker] .b.t.c.SpringBootTestContextBootstrapper : Found @SpringBootConfiguration com.mindex.challenge.ChallengeApplication for test class com.mindex.challenge.DataBootstrapTest
2021-02-07 13:32:30.700  INFO 18304 --- [    Test worker] .b.t.c.SpringBootTestContextBootstrapper : Loaded default TestExecutionListener class names from location [META-INF/spring.factories]: [org.springframework.boot.test.autoconfigure.restdocs.RestDocsTestExecutionListener, org.springframework.boot.test.autoconfigure.web.client.MockRestServiceServerResetTestExecutionListener, org.springframework.boot.test.autoconfigure.web.servlet.MockMvcPrintOnlyOnFailureTestExecutionListener, org.springframework.boot.test.autoconfigure.web.servlet.WebDriverTestExecutionListener, org.springframework.boot.test.mock.mockito.MockitoTestExecutionListener, org.springframework.boot.test.mock.mockito.ResetMocksTestExecutionListener, org.springframework.test.context.web.ServletTestExecutionListener, org.springframework.test.context.support.DirtiesContextBeforeModesTestExecutionListener, org.springframework.test.context.support.DependencyInjectionTestExecutionListener, org.springframework.test.context.support.DirtiesContextTestExecutionListener, org.springframework.test.context.transaction.TransactionalTestExecutionListener, org.springframework.test.context.jdbc.SqlScriptsTestExecutionListener, org.springframework.test.context.event.EventPublishingTestExecutionListener]
2021-02-07 13:32:30.701  INFO 18304 --- [    Test worker] .b.t.c.SpringBootTestContextBootstrapper : Using TestExecutionListeners: [org.springframework.test.context.web.ServletTestExecutionListener@6e711dcf, org.springframework.test.context.support.DirtiesContextBeforeModesTestExecutionListener@184943b2, org.springframework.boot.test.mock.mockito.MockitoTestExecutionListener@63029019, org.springframework.boot.test.autoconfigure.SpringBootDependencyInjectionTestExecutionListener@692ef7ae, org.springframework.test.context.support.DirtiesContextTestExecutionListener@fd71021, org.springframework.test.context.transaction.TransactionalTestExecutionListener@5dd186ba, org.springframework.test.context.jdbc.SqlScriptsTestExecutionListener@2a244741, org.springframework.test.context.event.EventPublishingTestExecutionListener@3429462c, org.springframework.boot.test.autoconfigure.restdocs.RestDocsTestExecutionListener@3480e90, org.springframework.boot.test.autoconfigure.web.client.MockRestServiceServerResetTestExecutionListener@52fdbc15, org.springframework.boot.test.autoconfigure.web.servlet.MockMvcPrintOnlyOnFailureTestExecutionListener@5a6be744, org.springframework.boot.test.autoconfigure.web.servlet.WebDriverTestExecutionListener@240dc203, org.springframework.boot.test.mock.mockito.ResetMocksTestExecutionListener@6772649c]
]]></system-out>
  <system-err><![CDATA[]]></system-err>
</testsuite>
