<?xml version="1.0" encoding="UTF-8"?>
<testsuite name="com.mindex.challenge.service.impl.ReportingStructureServiceImplTest" tests="1" skipped="0" failures="0" errors="0" timestamp="2021-02-07T18:32:32" hostname="MSI" time="0.03">
  <properties/>
  <testcase name="testRead" classname="com.mindex.challenge.service.impl.ReportingStructureServiceImplTest" time="0.03"/>
  <system-out><![CDATA[2021-02-07 13:32:32.055  INFO 18304 --- [    Test worker] .b.t.c.SpringBootTestContextBootstrapper : Neither @ContextConfiguration nor @ContextHierarchy found for test class [com.mindex.challenge.service.impl.ReportingStructureServiceImplTest], using SpringBootContextLoader
2021-02-07 13:32:32.056  INFO 18304 --- [    Test worker] o.s.t.c.support.AbstractContextLoader    : Could not detect default resource locations for test class [com.mindex.challenge.service.impl.ReportingStructureServiceImplTest]: no resource found for suffixes {-context.xml, Context.groovy}.
2021-02-07 13:32:32.056  INFO 18304 --- [    Test worker] t.c.s.AnnotationConfigContextLoaderUtils : Could not detect default configuration classes for test class [com.mindex.challenge.service.impl.ReportingStructureServiceImplTest]: ReportingStructureServiceImplTest does not declare any static, non-private, non-final, nested classes annotated with @Configuration.
2021-02-07 13:32:32.056  INFO 18304 --- [    Test worker] .b.t.c.SpringBootTestContextBootstrapper : Found @SpringBootConfiguration com.mindex.challenge.ChallengeApplication for test class com.mindex.challenge.service.impl.ReportingStructureServiceImplTest
2021-02-07 13:32:32.057  INFO 18304 --- [    Test worker] .b.t.c.SpringBootTestContextBootstrapper : Loaded default TestExecutionListener class names from location [META-INF/spring.factories]: [org.springframework.boot.test.autoconfigure.restdocs.RestDocsTestExecutionListener, org.springframework.boot.test.autoconfigure.web.client.MockRestServiceServerResetTestExecutionListener, org.springframework.boot.test.autoconfigure.web.servlet.MockMvcPrintOnlyOnFailureTestExecutionListener, org.springframework.boot.test.autoconfigure.web.servlet.WebDriverTestExecutionListener, org.springframework.boot.test.mock.mockito.MockitoTestExecutionListener, org.springframework.boot.test.mock.mockito.ResetMocksTestExecutionListener, org.springframework.test.context.web.ServletTestExecutionListener, org.springframework.test.context.support.DirtiesContextBeforeModesTestExecutionListener, org.springframework.test.context.support.DependencyInjectionTestExecutionListener, org.springframework.test.context.support.DirtiesContextTestExecutionListener, org.springframework.test.context.transaction.TransactionalTestExecutionListener, org.springframework.test.context.jdbc.SqlScriptsTestExecutionListener, org.springframework.test.context.event.EventPublishingTestExecutionListener]
2021-02-07 13:32:32.057  INFO 18304 --- [    Test worker] .b.t.c.SpringBootTestContextBootstrapper : Using TestExecutionListeners: [org.springframework.test.context.web.ServletTestExecutionListener@3e4b16a8, org.springframework.test.context.support.DirtiesContextBeforeModesTestExecutionListener@3c45920b, org.springframework.boot.test.mock.mockito.MockitoTestExecutionListener@7e86245a, org.springframework.boot.test.autoconfigure.SpringBootDependencyInjectionTestExecutionListener@7fac897a, org.springframework.test.context.support.DirtiesContextTestExecutionListener@19b43e71, org.springframework.test.context.transaction.TransactionalTestExecutionListener@9712286, org.springframework.test.context.jdbc.SqlScriptsTestExecutionListener@461a7306, org.springframework.test.context.event.EventPublishingTestExecutionListener@5d66d5e6, org.springframework.boot.test.autoconfigure.restdocs.RestDocsTestExecutionListener@65992f8d, org.springframework.boot.test.autoconfigure.web.client.MockRestServiceServerResetTestExecutionListener@657c44aa, org.springframework.boot.test.autoconfigure.web.servlet.MockMvcPrintOnlyOnFailureTestExecutionListener@70eb8940, org.springframework.boot.test.autoconfigure.web.servlet.WebDriverTestExecutionListener@1b49ab5e, org.springframework.boot.test.mock.mockito.ResetMocksTestExecutionListener@37800afd]
2021-02-07 13:32:32.063 DEBUG 18304 --- [o-auto-1-exec-7] c.m.c.controller.EmployeeController      : Received employee create request for [com.mindex.challenge.data.Employee@3d771133]
2021-02-07 13:32:32.063 DEBUG 18304 --- [o-auto-1-exec-7] c.m.c.service.impl.EmployeeServiceImpl   : Creating employee [com.mindex.challenge.data.Employee@3d771133]
2021-02-07 13:32:32.068 DEBUG 18304 --- [o-auto-1-exec-8] c.m.c.controller.EmployeeController      : Received employee create request for [com.mindex.challenge.data.Employee@68b2634a]
2021-02-07 13:32:32.068 DEBUG 18304 --- [o-auto-1-exec-8] c.m.c.service.impl.EmployeeServiceImpl   : Creating employee [com.mindex.challenge.data.Employee@68b2634a]
2021-02-07 13:32:32.074 DEBUG 18304 --- [o-auto-1-exec-9] c.m.c.controller.EmployeeController      : Received employee create request for [com.mindex.challenge.data.Employee@43ee4d2d]
2021-02-07 13:32:32.074 DEBUG 18304 --- [o-auto-1-exec-9] c.m.c.service.impl.EmployeeServiceImpl   : Creating employee [com.mindex.challenge.data.Employee@43ee4d2d]
2021-02-07 13:32:32.080 DEBUG 18304 --- [-auto-1-exec-10] c.m.c.c.ReportingStructureController     : Received reportingstructure create request for reporting struct of employeeid num [491ce87a-f8c7-45c3-b7e7-cb00fd79ce2e]
2021-02-07 13:32:32.081 DEBUG 18304 --- [-auto-1-exec-10] c.m.c.s.i.ReportingStructureServiceImpl  : Creating reportingstructure with employee id [491ce87a-f8c7-45c3-b7e7-cb00fd79ce2e]
2021-02-07 13:32:32.082 DEBUG 18304 --- [-auto-1-exec-10] c.m.c.s.i.ReportingStructureServiceImpl  : calculating reports for employee[John]
2021-02-07 13:32:32.084 DEBUG 18304 --- [-auto-1-exec-10] c.m.c.s.i.ReportingStructureServiceImpl  : calculating reporter[Jim]
2021-02-07 13:32:32.084 DEBUG 18304 --- [-auto-1-exec-10] c.m.c.s.i.ReportingStructureServiceImpl  : reports for [Jim] + 1
2021-02-07 13:32:32.086 DEBUG 18304 --- [-auto-1-exec-10] c.m.c.s.i.ReportingStructureServiceImpl  : calculating reporter[Jack]
2021-02-07 13:32:32.086 DEBUG 18304 --- [-auto-1-exec-10] c.m.c.s.i.ReportingStructureServiceImpl  : reports for [Jack] + 1
2021-02-07 13:32:32.086 DEBUG 18304 --- [-auto-1-exec-10] c.m.c.s.i.ReportingStructureServiceImpl  : reports amount[2]
]]></system-out>
  <system-err><![CDATA[]]></system-err>
</testsuite>
