<?xml version="1.0" encoding="UTF-8"?>
<testsuite name="com.mindex.challenge.DataBootstrapTest" tests="2" skipped="0" failures="0" errors="0" timestamp="2021-02-07T01:35:02" hostname="MSI" time="0.055">
  <properties/>
  <testcase name="testReportingStructure" classname="com.mindex.challenge.DataBootstrapTest" time="0.05"/>
  <testcase name="testEmployee" classname="com.mindex.challenge.DataBootstrapTest" time="0.004"/>
  <system-out><![CDATA[2021-02-06 20:35:02.478  INFO 8928 --- [    Test worker] .b.t.c.SpringBootTestContextBootstrapper : Neither @ContextConfiguration nor @ContextHierarchy found for test class [com.mindex.challenge.DataBootstrapTest], using SpringBootContextLoader
2021-02-06 20:35:02.480  INFO 8928 --- [    Test worker] o.s.t.c.support.AbstractContextLoader    : Could not detect default resource locations for test class [com.mindex.challenge.DataBootstrapTest]: no resource found for suffixes {-context.xml, Context.groovy}.
2021-02-06 20:35:02.480  INFO 8928 --- [    Test worker] t.c.s.AnnotationConfigContextLoaderUtils : Could not detect default configuration classes for test class [com.mindex.challenge.DataBootstrapTest]: DataBootstrapTest does not declare any static, non-private, non-final, nested classes annotated with @Configuration.
2021-02-06 20:35:02.485  INFO 8928 --- [    Test worker] .b.t.c.SpringBootTestContextBootstrapper : Found @SpringBootConfiguration com.mindex.challenge.ChallengeApplication for test class com.mindex.challenge.DataBootstrapTest
2021-02-06 20:35:02.488  INFO 8928 --- [    Test worker] .b.t.c.SpringBootTestContextBootstrapper : Loaded default TestExecutionListener class names from location [META-INF/spring.factories]: [org.springframework.boot.test.autoconfigure.restdocs.RestDocsTestExecutionListener, org.springframework.boot.test.autoconfigure.web.client.MockRestServiceServerResetTestExecutionListener, org.springframework.boot.test.autoconfigure.web.servlet.MockMvcPrintOnlyOnFailureTestExecutionListener, org.springframework.boot.test.autoconfigure.web.servlet.WebDriverTestExecutionListener, org.springframework.boot.test.mock.mockito.MockitoTestExecutionListener, org.springframework.boot.test.mock.mockito.ResetMocksTestExecutionListener, org.springframework.test.context.web.ServletTestExecutionListener, org.springframework.test.context.support.DirtiesContextBeforeModesTestExecutionListener, org.springframework.test.context.support.DependencyInjectionTestExecutionListener, org.springframework.test.context.support.DirtiesContextTestExecutionListener, org.springframework.test.context.transaction.TransactionalTestExecutionListener, org.springframework.test.context.jdbc.SqlScriptsTestExecutionListener, org.springframework.test.context.event.EventPublishingTestExecutionListener]
2021-02-06 20:35:02.488  INFO 8928 --- [    Test worker] .b.t.c.SpringBootTestContextBootstrapper : Using TestExecutionListeners: [org.springframework.test.context.web.ServletTestExecutionListener@6d45568a, org.springframework.test.context.support.DirtiesContextBeforeModesTestExecutionListener@5e200730, org.springframework.boot.test.mock.mockito.MockitoTestExecutionListener@7276cf57, org.springframework.boot.test.autoconfigure.SpringBootDependencyInjectionTestExecutionListener@770197a6, org.springframework.test.context.support.DirtiesContextTestExecutionListener@30b76eca, org.springframework.test.context.transaction.TransactionalTestExecutionListener@6ef0f66b, org.springframework.test.context.jdbc.SqlScriptsTestExecutionListener@2ab88095, org.springframework.test.context.event.EventPublishingTestExecutionListener@517f9ec3, org.springframework.boot.test.autoconfigure.restdocs.RestDocsTestExecutionListener@5a356b18, org.springframework.boot.test.autoconfigure.web.client.MockRestServiceServerResetTestExecutionListener@339f9d9b, org.springframework.boot.test.autoconfigure.web.servlet.MockMvcPrintOnlyOnFailureTestExecutionListener@5dcd0f55, org.springframework.boot.test.autoconfigure.web.servlet.WebDriverTestExecutionListener@70e91ba9, org.springframework.boot.test.mock.mockito.ResetMocksTestExecutionListener@1f5d307]
]]></system-out>
  <system-err><![CDATA[]]></system-err>
</testsuite>
