<?xml version="1.0" encoding="UTF-8"?>
<testsuite name="com.mindex.challenge.service.impl.EmployeeServiceImplTest" tests="1" skipped="0" failures="0" errors="0" timestamp="2021-02-07T18:32:32" hostname="MSI" time="0.025">
  <properties/>
  <testcase name="testCreateReadUpdate" classname="com.mindex.challenge.service.impl.EmployeeServiceImplTest" time="0.025"/>
  <system-out><![CDATA[2021-02-07 13:32:32.021  INFO 18304 --- [    Test worker] .b.t.c.SpringBootTestContextBootstrapper : Neither @ContextConfiguration nor @ContextHierarchy found for test class [com.mindex.challenge.service.impl.EmployeeServiceImplTest], using SpringBootContextLoader
2021-02-07 13:32:32.022  INFO 18304 --- [    Test worker] o.s.t.c.support.AbstractContextLoader    : Could not detect default resource locations for test class [com.mindex.challenge.service.impl.EmployeeServiceImplTest]: no resource found for suffixes {-context.xml, Context.groovy}.
2021-02-07 13:32:32.022  INFO 18304 --- [    Test worker] t.c.s.AnnotationConfigContextLoaderUtils : Could not detect default configuration classes for test class [com.mindex.challenge.service.impl.EmployeeServiceImplTest]: EmployeeServiceImplTest does not declare any static, non-private, non-final, nested classes annotated with @Configuration.
2021-02-07 13:32:32.023  INFO 18304 --- [    Test worker] .b.t.c.SpringBootTestContextBootstrapper : Found @SpringBootConfiguration com.mindex.challenge.ChallengeApplication for test class com.mindex.challenge.service.impl.EmployeeServiceImplTest
2021-02-07 13:32:32.025  INFO 18304 --- [    Test worker] .b.t.c.SpringBootTestContextBootstrapper : Loaded default TestExecutionListener class names from location [META-INF/spring.factories]: [org.springframework.boot.test.autoconfigure.restdocs.RestDocsTestExecutionListener, org.springframework.boot.test.autoconfigure.web.client.MockRestServiceServerResetTestExecutionListener, org.springframework.boot.test.autoconfigure.web.servlet.MockMvcPrintOnlyOnFailureTestExecutionListener, org.springframework.boot.test.autoconfigure.web.servlet.WebDriverTestExecutionListener, org.springframework.boot.test.mock.mockito.MockitoTestExecutionListener, org.springframework.boot.test.mock.mockito.ResetMocksTestExecutionListener, org.springframework.test.context.web.ServletTestExecutionListener, org.springframework.test.context.support.DirtiesContextBeforeModesTestExecutionListener, org.springframework.test.context.support.DependencyInjectionTestExecutionListener, org.springframework.test.context.support.DirtiesContextTestExecutionListener, org.springframework.test.context.transaction.TransactionalTestExecutionListener, org.springframework.test.context.jdbc.SqlScriptsTestExecutionListener, org.springframework.test.context.event.EventPublishingTestExecutionListener]
2021-02-07 13:32:32.025  INFO 18304 --- [    Test worker] .b.t.c.SpringBootTestContextBootstrapper : Using TestExecutionListeners: [org.springframework.test.context.web.ServletTestExecutionListener@6d5be044, org.springframework.test.context.support.DirtiesContextBeforeModesTestExecutionListener@66589eda, org.springframework.boot.test.mock.mockito.MockitoTestExecutionListener@28a8b1ff, org.springframework.boot.test.autoconfigure.SpringBootDependencyInjectionTestExecutionListener@1029ec3c, org.springframework.test.context.support.DirtiesContextTestExecutionListener@22c267bd, org.springframework.test.context.transaction.TransactionalTestExecutionListener@4e8371, org.springframework.test.context.jdbc.SqlScriptsTestExecutionListener@6d84edce, org.springframework.test.context.event.EventPublishingTestExecutionListener@3213b44e, org.springframework.boot.test.autoconfigure.restdocs.RestDocsTestExecutionListener@3ddc23e, org.springframework.boot.test.autoconfigure.web.client.MockRestServiceServerResetTestExecutionListener@77fc9c3f, org.springframework.boot.test.autoconfigure.web.servlet.MockMvcPrintOnlyOnFailureTestExecutionListener@3ddce593, org.springframework.boot.test.autoconfigure.web.servlet.WebDriverTestExecutionListener@12c287a2, org.springframework.boot.test.mock.mockito.ResetMocksTestExecutionListener@7fe37bf6]
2021-02-07 13:32:32.033 DEBUG 18304 --- [o-auto-1-exec-4] c.m.c.controller.EmployeeController      : Received employee create request for [com.mindex.challenge.data.Employee@6556f97f]
2021-02-07 13:32:32.033 DEBUG 18304 --- [o-auto-1-exec-4] c.m.c.service.impl.EmployeeServiceImpl   : Creating employee [com.mindex.challenge.data.Employee@6556f97f]
2021-02-07 13:32:32.039 DEBUG 18304 --- [o-auto-1-exec-5] c.m.c.controller.EmployeeController      : Received employee create request for id [fe9a5b3a-cad5-4436-b053-cc8dad2bcded]
2021-02-07 13:32:32.040 DEBUG 18304 --- [o-auto-1-exec-5] c.m.c.service.impl.EmployeeServiceImpl   : Creating employee with id [fe9a5b3a-cad5-4436-b053-cc8dad2bcded]
2021-02-07 13:32:32.047 DEBUG 18304 --- [o-auto-1-exec-6] c.m.c.controller.EmployeeController      : Received employee create request for id [fe9a5b3a-cad5-4436-b053-cc8dad2bcded] and employee [com.mindex.challenge.data.Employee@5c7086b7]
2021-02-07 13:32:32.047 DEBUG 18304 --- [o-auto-1-exec-6] c.m.c.service.impl.EmployeeServiceImpl   : Updating employee [com.mindex.challenge.data.Employee@5c7086b7]
]]></system-out>
  <system-err><![CDATA[]]></system-err>
</testsuite>
