<?xml version="1.0" encoding="UTF-8"?>
<testsuite name="com.mindex.challenge.service.impl.CompensationServiceImplTest" tests="1" skipped="0" failures="0" errors="0" timestamp="2021-02-07T18:32:31" hostname="MSI" time="0.209">
  <properties/>
  <testcase name="testCreateRead" classname="com.mindex.challenge.service.impl.CompensationServiceImplTest" time="0.209"/>
  <system-out><![CDATA[2021-02-07 13:32:30.760  INFO 18304 --- [    Test worker] .b.t.c.SpringBootTestContextBootstrapper : Neither @ContextConfiguration nor @ContextHierarchy found for test class [com.mindex.challenge.service.impl.CompensationServiceImplTest], using SpringBootContextLoader
2021-02-07 13:32:30.761  INFO 18304 --- [    Test worker] o.s.t.c.support.AbstractContextLoader    : Could not detect default resource locations for test class [com.mindex.challenge.service.impl.CompensationServiceImplTest]: no resource found for suffixes {-context.xml, Context.groovy}.
2021-02-07 13:32:30.761  INFO 18304 --- [    Test worker] t.c.s.AnnotationConfigContextLoaderUtils : Could not detect default configuration classes for test class [com.mindex.challenge.service.impl.CompensationServiceImplTest]: CompensationServiceImplTest does not declare any static, non-private, non-final, nested classes annotated with @Configuration.
2021-02-07 13:32:30.774  INFO 18304 --- [    Test worker] .b.t.c.SpringBootTestContextBootstrapper : Found @SpringBootConfiguration com.mindex.challenge.ChallengeApplication for test class com.mindex.challenge.service.impl.CompensationServiceImplTest
2021-02-07 13:32:30.776  INFO 18304 --- [    Test worker] .b.t.c.SpringBootTestContextBootstrapper : Loaded default TestExecutionListener class names from location [META-INF/spring.factories]: [org.springframework.boot.test.autoconfigure.restdocs.RestDocsTestExecutionListener, org.springframework.boot.test.autoconfigure.web.client.MockRestServiceServerResetTestExecutionListener, org.springframework.boot.test.autoconfigure.web.servlet.MockMvcPrintOnlyOnFailureTestExecutionListener, org.springframework.boot.test.autoconfigure.web.servlet.WebDriverTestExecutionListener, org.springframework.boot.test.mock.mockito.MockitoTestExecutionListener, org.springframework.boot.test.mock.mockito.ResetMocksTestExecutionListener, org.springframework.test.context.web.ServletTestExecutionListener, org.springframework.test.context.support.DirtiesContextBeforeModesTestExecutionListener, org.springframework.test.context.support.DependencyInjectionTestExecutionListener, org.springframework.test.context.support.DirtiesContextTestExecutionListener, org.springframework.test.context.transaction.TransactionalTestExecutionListener, org.springframework.test.context.jdbc.SqlScriptsTestExecutionListener, org.springframework.test.context.event.EventPublishingTestExecutionListener]
2021-02-07 13:32:30.776  INFO 18304 --- [    Test worker] .b.t.c.SpringBootTestContextBootstrapper : Using TestExecutionListeners: [org.springframework.test.context.web.ServletTestExecutionListener@39be86bb, org.springframework.test.context.support.DirtiesContextBeforeModesTestExecutionListener@61fa546e, org.springframework.boot.test.mock.mockito.MockitoTestExecutionListener@43d85461, org.springframework.boot.test.autoconfigure.SpringBootDependencyInjectionTestExecutionListener@5e5ed44b, org.springframework.test.context.support.DirtiesContextTestExecutionListener@13981a65, org.springframework.test.context.transaction.TransactionalTestExecutionListener@20f2755c, org.springframework.test.context.jdbc.SqlScriptsTestExecutionListener@2188467f, org.springframework.test.context.event.EventPublishingTestExecutionListener@95c2289, org.springframework.boot.test.autoconfigure.restdocs.RestDocsTestExecutionListener@5a444af5, org.springframework.boot.test.autoconfigure.web.client.MockRestServiceServerResetTestExecutionListener@692f9c74, org.springframework.boot.test.autoconfigure.web.servlet.MockMvcPrintOnlyOnFailureTestExecutionListener@a778490, org.springframework.boot.test.autoconfigure.web.servlet.WebDriverTestExecutionListener@6257a73d, org.springframework.boot.test.mock.mockito.ResetMocksTestExecutionListener@1abc5a60]

  .   ____          _            __ _ _
 /\\ / ___'_ __ _ _(_)_ __  __ _ \ \ \ \
( ( )\___ | '_ | '_| | '_ \/ _` | \ \ \ \
 \\/  ___)| |_)| | | | | || (_| |  ) ) ) )
  '  |____| .__|_| |_|_| |_\__, | / / / /
 =========|_|==============|___/=/_/_/_/
 :: Spring Boot ::        (v2.2.0.RELEASE)

2021-02-07 13:32:30.806  INFO 18304 --- [    Test worker] c.m.c.s.i.CompensationServiceImplTest    : Starting CompensationServiceImplTest on MSI with PID 18304 (started by abiga in C:\Users\abiga\Documents\school stuffs\mindex-java-code-challenge)
2021-02-07 13:32:30.807 DEBUG 18304 --- [    Test worker] c.m.c.s.i.CompensationServiceImplTest    : Running with Spring Boot v2.2.0.RELEASE, Spring v5.2.0.RELEASE
2021-02-07 13:32:30.807  INFO 18304 --- [    Test worker] c.m.c.s.i.CompensationServiceImplTest    : No active profile set, falling back to default profiles: default
2021-02-07 13:32:30.928  INFO 18304 --- [    Test worker] .s.d.r.c.RepositoryConfigurationDelegate : Bootstrapping Spring Data repositories in DEFAULT mode.
2021-02-07 13:32:30.935  INFO 18304 --- [    Test worker] .s.d.r.c.RepositoryConfigurationDelegate : Finished Spring Data repository scanning in 6ms. Found 2 repository interfaces.
2021-02-07 13:32:31.170  INFO 18304 --- [    Test worker] o.s.b.w.embedded.tomcat.TomcatWebServer  : Tomcat initialized with port(s): 0 (http)
2021-02-07 13:32:31.178  INFO 18304 --- [    Test worker] o.apache.catalina.core.StandardService   : Starting service [Tomcat]
2021-02-07 13:32:31.178  INFO 18304 --- [    Test worker] org.apache.catalina.core.StandardEngine  : Starting Servlet engine: [Apache Tomcat/9.0.27]
2021-02-07 13:32:31.283  INFO 18304 --- [    Test worker] o.a.c.c.C.[Tomcat].[localhost].[/]       : Initializing Spring embedded WebApplicationContext
2021-02-07 13:32:31.283  INFO 18304 --- [    Test worker] o.s.web.context.ContextLoader            : Root WebApplicationContext: initialization completed in 472 ms
2021-02-07 13:32:31.427  INFO 18304 --- [    Test worker] de.bwaldvogel.mongo.MongoServer          : started MongoServer(port: 52626, ssl: false)
2021-02-07 13:32:31.428  INFO 18304 --- [    Test worker] org.mongodb.driver.cluster               : Cluster created with settings {hosts=[127.0.0.1:52626], mode=SINGLE, requiredClusterType=UNKNOWN, serverSelectionTimeout='30000 ms', maxWaitQueueSize=500}
2021-02-07 13:32:31.431  INFO 18304 --- [-server-worker1] d.b.mongo.wire.MongoWireProtocolHandler  : client [id: 0xf0659994, L:/127.0.0.1:52626 - R:/127.0.0.1:52627] connected
2021-02-07 13:32:31.442  WARN 18304 --- [    Test worker] o.s.data.convert.CustomConversions       : Registering converter from class java.time.LocalDateTime to class java.time.Instant as reading converter although it doesn't convert from a store-supported type! You might wanna check you annotation setup at the converter implementation.
2021-02-07 13:32:31.443  WARN 18304 --- [    Test worker] o.s.data.convert.CustomConversions       : Registering converter from class java.time.Instant to class java.time.LocalDateTime as reading converter although it doesn't convert from a store-supported type! You might wanna check you annotation setup at the converter implementation.
2021-02-07 13:32:31.444  WARN 18304 --- [    Test worker] o.s.data.convert.CustomConversions       : Registering converter from class java.time.LocalDateTime to class java.time.Instant as reading converter although it doesn't convert from a store-supported type! You might wanna check you annotation setup at the converter implementation.
2021-02-07 13:32:31.444  WARN 18304 --- [    Test worker] o.s.data.convert.CustomConversions       : Registering converter from class java.time.Instant to class java.time.LocalDateTime as reading converter although it doesn't convert from a store-supported type! You might wanna check you annotation setup at the converter implementation.
2021-02-07 13:32:31.447  INFO 18304 --- [127.0.0.1:52626] org.mongodb.driver.connection            : Opened connection [connectionId{localValue:3}] to 127.0.0.1:52626
2021-02-07 13:32:31.449  INFO 18304 --- [127.0.0.1:52626] org.mongodb.driver.cluster               : Monitor thread successfully connected to server with description ServerDescription{address=127.0.0.1:52626, type=STANDALONE, state=CONNECTED, ok=true, version=ServerVersion{versionList=[3, 0, 0]}, minWireVersion=0, maxWireVersion=2, maxDocumentSize=16777216, logicalSessionTimeoutMinutes=null, roundTripTimeNanos=1156500}
2021-02-07 13:32:31.495  INFO 18304 --- [-server-worker2] d.b.mongo.wire.MongoWireProtocolHandler  : client [id: 0x0972b84a, L:/127.0.0.1:52626 - R:/127.0.0.1:52628] connected
2021-02-07 13:32:31.503  INFO 18304 --- [    Test worker] org.mongodb.driver.connection            : Opened connection [connectionId{localValue:4}] to 127.0.0.1:52626
2021-02-07 13:32:31.504  INFO 18304 --- [-server-worker2] d.b.mongo.backend.AbstractMongoBackend   : created database test
2021-02-07 13:32:31.505  INFO 18304 --- [-server-worker2] d.b.mongo.backend.AbstractMongoDatabase  : adding unique _id index for collection employee
2021-02-07 13:32:31.505  INFO 18304 --- [-server-worker2] d.b.mongo.backend.AbstractMongoDatabase  : created collection test.employee
2021-02-07 13:32:31.621  INFO 18304 --- [    Test worker] o.s.s.concurrent.ThreadPoolTaskExecutor  : Initializing ExecutorService 'applicationTaskExecutor'
2021-02-07 13:32:31.722  WARN 18304 --- [    Test worker] o.s.data.convert.CustomConversions       : Registering converter from class java.time.LocalDateTime to class java.time.Instant as reading converter although it doesn't convert from a store-supported type! You might wanna check you annotation setup at the converter implementation.
2021-02-07 13:32:31.722  WARN 18304 --- [    Test worker] o.s.data.convert.CustomConversions       : Registering converter from class java.time.Instant to class java.time.LocalDateTime as reading converter although it doesn't convert from a store-supported type! You might wanna check you annotation setup at the converter implementation.
2021-02-07 13:32:31.737  WARN 18304 --- [    Test worker] o.s.data.convert.CustomConversions       : Registering converter from class java.time.LocalDateTime to class java.time.Instant as reading converter although it doesn't convert from a store-supported type! You might wanna check you annotation setup at the converter implementation.
2021-02-07 13:32:31.737  WARN 18304 --- [    Test worker] o.s.data.convert.CustomConversions       : Registering converter from class java.time.Instant to class java.time.LocalDateTime as reading converter although it doesn't convert from a store-supported type! You might wanna check you annotation setup at the converter implementation.
2021-02-07 13:32:31.805  INFO 18304 --- [    Test worker] o.s.b.w.embedded.tomcat.TomcatWebServer  : Tomcat started on port(s): 52630 (http) with context path ''
2021-02-07 13:32:31.806  INFO 18304 --- [    Test worker] c.m.c.s.i.CompensationServiceImplTest    : Started CompensationServiceImplTest in 1.026 seconds (JVM running for 4.795)
2021-02-07 13:32:31.912  INFO 18304 --- [o-auto-1-exec-1] o.a.c.c.C.[Tomcat].[localhost].[/]       : Initializing Spring DispatcherServlet 'dispatcherServlet'
2021-02-07 13:32:31.912  INFO 18304 --- [o-auto-1-exec-1] o.s.web.servlet.DispatcherServlet        : Initializing Servlet 'dispatcherServlet'
2021-02-07 13:32:31.935  INFO 18304 --- [o-auto-1-exec-1] o.s.web.servlet.DispatcherServlet        : Completed initialization in 23 ms
2021-02-07 13:32:31.964 DEBUG 18304 --- [o-auto-1-exec-1] c.m.c.controller.EmployeeController      : Received employee create request for [com.mindex.challenge.data.Employee@1a70484]
2021-02-07 13:32:31.964 DEBUG 18304 --- [o-auto-1-exec-1] c.m.c.service.impl.EmployeeServiceImpl   : Creating employee [com.mindex.challenge.data.Employee@1a70484]
2021-02-07 13:32:31.995 DEBUG 18304 --- [o-auto-1-exec-2] c.m.c.controller.CompensationController  : Received compensation create request for [com.mindex.challenge.data.Compensation@8c8275e]
2021-02-07 13:32:31.995 DEBUG 18304 --- [o-auto-1-exec-2] c.m.c.s.impl.CompensationServiceImpl     : Creating compensation [com.mindex.challenge.data.Compensation@8c8275e]
2021-02-07 13:32:32.003  INFO 18304 --- [-server-worker2] d.b.mongo.backend.AbstractMongoDatabase  : adding unique _id index for collection compensation
2021-02-07 13:32:32.003  INFO 18304 --- [-server-worker2] d.b.mongo.backend.AbstractMongoDatabase  : created collection test.compensation
2021-02-07 13:32:32.010 DEBUG 18304 --- [o-auto-1-exec-3] c.m.c.controller.CompensationController  : Received compensation get request for id [0754f00d-d4fd-42ba-a081-60d5d12e7eaa]
2021-02-07 13:32:32.010 DEBUG 18304 --- [o-auto-1-exec-3] c.m.c.s.impl.CompensationServiceImpl     : Looking for compensation with employeeId [0754f00d-d4fd-42ba-a081-60d5d12e7eaa]
]]></system-out>
  <system-err><![CDATA[]]></system-err>
</testsuite>
