<?xml version="1.0" encoding="UTF-8"?>
<testsuite name="com.mindex.challenge.service.impl.ReportingStructureServiceImplTest" tests="1" skipped="0" failures="0" errors="0" timestamp="2021-02-07T01:35:03" hostname="MSI" time="0.041">
  <properties/>
  <testcase name="testRead" classname="com.mindex.challenge.service.impl.ReportingStructureServiceImplTest" time="0.041"/>
  <system-out><![CDATA[2021-02-06 20:35:03.775  INFO 8928 --- [    Test worker] .b.t.c.SpringBootTestContextBootstrapper : Neither @ContextConfiguration nor @ContextHierarchy found for test class [com.mindex.challenge.service.impl.ReportingStructureServiceImplTest], using SpringBootContextLoader
2021-02-06 20:35:03.776  INFO 8928 --- [    Test worker] o.s.t.c.support.AbstractContextLoader    : Could not detect default resource locations for test class [com.mindex.challenge.service.impl.ReportingStructureServiceImplTest]: no resource found for suffixes {-context.xml, Context.groovy}.
2021-02-06 20:35:03.777  INFO 8928 --- [    Test worker] t.c.s.AnnotationConfigContextLoaderUtils : Could not detect default configuration classes for test class [com.mindex.challenge.service.impl.ReportingStructureServiceImplTest]: ReportingStructureServiceImplTest does not declare any static, non-private, non-final, nested classes annotated with @Configuration.
2021-02-06 20:35:03.778  INFO 8928 --- [    Test worker] .b.t.c.SpringBootTestContextBootstrapper : Found @SpringBootConfiguration com.mindex.challenge.ChallengeApplication for test class com.mindex.challenge.service.impl.ReportingStructureServiceImplTest
2021-02-06 20:35:03.779  INFO 8928 --- [    Test worker] .b.t.c.SpringBootTestContextBootstrapper : Loaded default TestExecutionListener class names from location [META-INF/spring.factories]: [org.springframework.boot.test.autoconfigure.restdocs.RestDocsTestExecutionListener, org.springframework.boot.test.autoconfigure.web.client.MockRestServiceServerResetTestExecutionListener, org.springframework.boot.test.autoconfigure.web.servlet.MockMvcPrintOnlyOnFailureTestExecutionListener, org.springframework.boot.test.autoconfigure.web.servlet.WebDriverTestExecutionListener, org.springframework.boot.test.mock.mockito.MockitoTestExecutionListener, org.springframework.boot.test.mock.mockito.ResetMocksTestExecutionListener, org.springframework.test.context.web.ServletTestExecutionListener, org.springframework.test.context.support.DirtiesContextBeforeModesTestExecutionListener, org.springframework.test.context.support.DependencyInjectionTestExecutionListener, org.springframework.test.context.support.DirtiesContextTestExecutionListener, org.springframework.test.context.transaction.TransactionalTestExecutionListener, org.springframework.test.context.jdbc.SqlScriptsTestExecutionListener, org.springframework.test.context.event.EventPublishingTestExecutionListener]
2021-02-06 20:35:03.780  INFO 8928 --- [    Test worker] .b.t.c.SpringBootTestContextBootstrapper : Using TestExecutionListeners: [org.springframework.test.context.web.ServletTestExecutionListener@7529b9f5, org.springframework.test.context.support.DirtiesContextBeforeModesTestExecutionListener@21b118b7, org.springframework.boot.test.mock.mockito.MockitoTestExecutionListener@4fa703ec, org.springframework.boot.test.autoconfigure.SpringBootDependencyInjectionTestExecutionListener@4b9be41e, org.springframework.test.context.support.DirtiesContextTestExecutionListener@73c51a89, org.springframework.test.context.transaction.TransactionalTestExecutionListener@5a18d0e6, org.springframework.test.context.jdbc.SqlScriptsTestExecutionListener@2dd7002a, org.springframework.test.context.event.EventPublishingTestExecutionListener@39f8aa9a, org.springframework.boot.test.autoconfigure.restdocs.RestDocsTestExecutionListener@6232fe7e, org.springframework.boot.test.autoconfigure.web.client.MockRestServiceServerResetTestExecutionListener@7e318d3e, org.springframework.boot.test.autoconfigure.web.servlet.MockMvcPrintOnlyOnFailureTestExecutionListener@6b721482, org.springframework.boot.test.autoconfigure.web.servlet.WebDriverTestExecutionListener@17a2cf0c, org.springframework.boot.test.mock.mockito.ResetMocksTestExecutionListener@62960288]
2021-02-06 20:35:03.787 DEBUG 8928 --- [o-auto-1-exec-4] c.m.c.controller.EmployeeController      : Received employee create request for [com.mindex.challenge.data.Employee@44d80e9]
2021-02-06 20:35:03.787 DEBUG 8928 --- [o-auto-1-exec-4] c.m.c.service.impl.EmployeeServiceImpl   : Creating employee [com.mindex.challenge.data.Employee@44d80e9]
2021-02-06 20:35:03.792 DEBUG 8928 --- [o-auto-1-exec-5] c.m.c.controller.EmployeeController      : Received employee create request for [com.mindex.challenge.data.Employee@35d0dd7b]
2021-02-06 20:35:03.793 DEBUG 8928 --- [o-auto-1-exec-5] c.m.c.service.impl.EmployeeServiceImpl   : Creating employee [com.mindex.challenge.data.Employee@35d0dd7b]
2021-02-06 20:35:03.799 DEBUG 8928 --- [o-auto-1-exec-6] c.m.c.controller.EmployeeController      : Received employee create request for [com.mindex.challenge.data.Employee@17a472d2]
2021-02-06 20:35:03.799 DEBUG 8928 --- [o-auto-1-exec-6] c.m.c.service.impl.EmployeeServiceImpl   : Creating employee [com.mindex.challenge.data.Employee@17a472d2]
2021-02-06 20:35:03.802 DEBUG 8928 --- [    Test worker] .c.s.i.ReportingStructureServiceImplTest : createdID = [121e1066-6f3a-4f9c-8183-4928db470b57]
2021-02-06 20:35:03.812 DEBUG 8928 --- [o-auto-1-exec-7] c.m.c.c.ReportingStructureController     : Received reportingstructure create request for reporting struct of employeeid num [121e1066-6f3a-4f9c-8183-4928db470b57]
2021-02-06 20:35:03.812 DEBUG 8928 --- [o-auto-1-exec-7] c.m.c.s.i.ReportingStructureServiceImpl  : Creating reportingstructure with employee id [121e1066-6f3a-4f9c-8183-4928db470b57]
2021-02-06 20:35:03.814 DEBUG 8928 --- [o-auto-1-exec-7] c.m.c.s.i.ReportingStructureServiceImpl  : calculating reports for employee[John]
2021-02-06 20:35:03.815 DEBUG 8928 --- [o-auto-1-exec-7] c.m.c.s.i.ReportingStructureServiceImpl  : calculating reporter[Jim]
2021-02-06 20:35:03.815 DEBUG 8928 --- [o-auto-1-exec-7] c.m.c.s.i.ReportingStructureServiceImpl  : reports for [Jim] + 1
2021-02-06 20:35:03.816 DEBUG 8928 --- [o-auto-1-exec-7] c.m.c.s.i.ReportingStructureServiceImpl  : calculating reporter[Jack]
2021-02-06 20:35:03.817 DEBUG 8928 --- [o-auto-1-exec-7] c.m.c.s.i.ReportingStructureServiceImpl  : reports for [Jack] + 1
2021-02-06 20:35:03.817 DEBUG 8928 --- [o-auto-1-exec-7] c.m.c.s.i.ReportingStructureServiceImpl  : reports amount[2]
2021-02-06 20:35:03.822 DEBUG 8928 --- [    Test worker] .c.s.i.ReportingStructureServiceImplTest : testrs employee [com.mindex.challenge.data.Employee@e91d03f]
2021-02-06 20:35:03.823 DEBUG 8928 --- [    Test worker] .c.s.i.ReportingStructureServiceImplTest : readrs employee[com.mindex.challenge.data.Employee@22a50380]
]]></system-out>
  <system-err><![CDATA[]]></system-err>
</testsuite>
